Using pre-set license
Built from '2020.3/china_unity/release' branch; Version is '2020.3.13f1c1 (93b9df9a3ddc) revision 9681375'; Using compiler version '192528614'; Build Type 'Release'
OS: 'Windows 10 Education; OS build 19044.1706; Version 2009; 64bit' Language: 'zh' Physical Memory: 8066 MB
BatchMode: 1, IsHumanControllingUs: 0, StartBugReporterOnCrash: 0, Is64bit: 1, IsPro: 0

 COMMAND LINE ARGUMENTS:
D:\unity\2020.3.13f1c1\Editor\Unity.exe
-adb2
-batchMode
-noUpm
-name
AssetImportWorker1
-projectPath
E:/unityproject/TAART/SRPLearning
-logFile
Logs/AssetImportWorker1.log
-srvPort
12254
Successfully changed project path to: E:/unityproject/TAART/SRPLearning
E:/unityproject/TAART/SRPLearning
Using Asset Import Pipeline V2.
Refreshing native plugins compatible for Editor in 56.12 ms, found 0 plugins.
Preloading 0 native plugins for Editor in 0.00 ms.
Initialize engine version: 2020.3.13f1c1 (93b9df9a3ddc)
[Subsystems] Discovering subsystems at path D:/unity/2020.3.13f1c1/Editor/Data/Resources/UnitySubsystems
[Subsystems] Discovering subsystems at path E:/unityproject/TAART/SRPLearning/Assets
GfxDevice: creating device client; threaded=0
Direct3D:
    Version:  Direct3D 11.0 [level 11.1]
    Renderer: NVIDIA GeForce GTX 1060 (ID=0x1c20)
    Vendor:   
    VRAM:     6052 MB
    Driver:   30.0.15.1179
Initialize mono
Mono path[0] = 'D:/unity/2020.3.13f1c1/Editor/Data/Managed'
Mono path[1] = 'D:/unity/2020.3.13f1c1/Editor/Data/MonoBleedingEdge/lib/mono/unityjit'
Mono config path = 'D:/unity/2020.3.13f1c1/Editor/Data/MonoBleedingEdge/etc'
Using monoOptions --debugger-agent=transport=dt_socket,embedding=1,server=y,suspend=n,address=127.0.0.1:56888
Begin MonoManager ReloadAssembly
Registering precompiled unity dll's ...
Register platform support module: D:/unity/2020.3.13f1c1/Editor/Data/PlaybackEngines/WindowsStandaloneSupport/UnityEditor.WindowsStandalone.Extensions.dll
Registered in 0.043503 seconds.
Native extension for WindowsStandalone target not found
Refreshing native plugins compatible for Editor in 14.05 ms, found 0 plugins.
Preloading 0 native plugins for Editor in 0.00 ms.
Mono: successfully reloaded assembly
- Completed reload, in  9.950 seconds
Platform modules already initialized, skipping
Registering precompiled user dll's ...
Registered in 0.079287 seconds.
Begin MonoManager ReloadAssembly
Native extension for WindowsStandalone target not found
Refreshing native plugins compatible for Editor in 14.34 ms, found 0 plugins.
Preloading 0 native plugins for Editor in 0.00 ms.
Mono: successfully reloaded assembly
- Completed reload, in  2.064 seconds
Platform modules already initialized, skipping
========================================================================
Worker process is ready to serve import requests
Launched and connected shader compiler UnityShaderCompiler.exe after 0.29 seconds
Refreshing native plugins compatible for Editor in 0.24 ms, found 0 plugins.
Preloading 0 native plugins for Editor in 0.00 ms.
Unloading 412 Unused Serialized files (Serialized files now loaded: 0)
System memory in use before: 41.5 MB.
System memory in use after: 41.5 MB.

Unloading 3 unused Assets to reduce memory usage. Loaded Objects now: 855.
Total: 2.762300 ms (FindLiveObjects: 0.136700 ms CreateObjectMapping: 0.029400 ms MarkObjects: 2.447400 ms  DeleteObjects: 0.145600 ms)

AssetImportParameters requested are different than current active one (requested -> active):
  custom:framework-win-MediaFoundation: 216162199b28c13a410421893ffa2e32 -> 
  custom:video-decoder-ogg-theora: a1e56fd34408186e4bbccfd4996cb3dc -> 
  custom:container-muxer-webm: aa71ff27fc2769a1b78a27578f13a17b -> 
  custom:container-demuxer-webm: 4f35f7cbe854078d1ac9338744f61a02 -> 
  custom:container-demuxer-ogg: 62fdf1f143b41e24485cea50d1cbac27 -> 
  custom:video-encoder-webm-vp8: eb34c28f22e8b96e1ab97ce403110664 -> 
  custom:video-decoder-webm-vp8: 9c59270c3fd7afecdb556c50c9e8de78 -> 
  custom:audio-decoder-ogg-vorbis: bf7c407c2cedff20999df2af8eb42d56 -> 
  custom:audio-encoder-webm-vorbis: bf7c407c2cedff20999df2af8eb42d56 -> 
========================================================================
Received Import Request.
  path: Assets/Custom SRP/003 SimpleRaytracing/Materials
  artifactKey: Guid(ee57656a77efc8e4abfd0ccddc2eb3a8) Importer(815301076,1909f56bfc062723c751e8b465ee728b)
Start importing Assets/Custom SRP/003 SimpleRaytracing/Materials using Guid(ee57656a77efc8e4abfd0ccddc2eb3a8) Importer(815301076,1909f56bfc062723c751e8b465ee728b)  -> (artifact id: '3d9a832eb49fd4454731e8591b625e5f') in 0.024503 seconds 
  Import took 0.276028 seconds .

========================================================================
Received Import Request.
  Time since last request: 884.543911 seconds.
  path: Assets/Custom SRP/003 SimpleRaytracing/Scenes
  artifactKey: Guid(1d5ad1b1e9a06454a9376f970227c4a0) Importer(815301076,1909f56bfc062723c751e8b465ee728b)
Start importing Assets/Custom SRP/003 SimpleRaytracing/Scenes using Guid(1d5ad1b1e9a06454a9376f970227c4a0) Importer(815301076,1909f56bfc062723c751e8b465ee728b)  -> (artifact id: 'bb2a3ff54262ab365a18d9de2cdcc7a4') in 0.169666 seconds 
  Import took 0.331966 seconds .

